<?xml version="1.0" encoding="UTF-8"?>
<testsuite xmlns:xsi="http://www.w3.org/2001/XMLSchema-instance" xsi:noNamespaceSchemaLocation="https://maven.apache.org/surefire/maven-surefire-plugin/xsd/surefire-test-report.xsd" version="3.0.2" name="tn.fst.eventsproject.services.EventServicesImplTest" time="2.493" tests="14" errors="0" skipped="0" failures="0">
  <properties>
[...]
</properties>
  <testcase name="testCalculCout_MultipleEvents" classname="tn.fst.eventsproject.services.EventServicesImplTest" time="2.158">
    <system-out><![CDATA[16:32:11.473 [main] INFO tn.fst.eventsproject.services.EventServicesImpl -- Event 1
16:32:11.477 [main] INFO tn.fst.eventsproject.services.EventServicesImpl -- Cout de l'Event Event 1 est 500.0
16:32:11.477 [main] INFO tn.fst.eventsproject.services.EventServicesImpl -- Event 2
16:32:11.477 [main] INFO tn.fst.eventsproject.services.EventServicesImpl -- Cout de l'Event Event 2 est 1000.0
]]></system-out>
  </testcase>
  <testcase name="testAddAffectLog_WithExistingLogistics" classname="tn.fst.eventsproject.services.EventServicesImplTest" time="0.015"/>
  <testcase name="testCalculCout_WithNonReservedLogistics" classname="tn.fst.eventsproject.services.EventServicesImplTest" time="0.004">
    <system-out><![CDATA[16:32:11.578 [main] INFO tn.fst.eventsproject.services.EventServicesImpl -- Conference Tech 2024
16:32:11.578 [main] INFO tn.fst.eventsproject.services.EventServicesImpl -- Cout de l'Event Conference Tech 2024 est 500.0
]]></system-out>
  </testcase>
  <testcase name="testAddParticipant_Success" classname="tn.fst.eventsproject.services.EventServicesImplTest" time="0.038"/>
  <testcase name="testGetLogisticsDates_WithReservedLogistics" classname="tn.fst.eventsproject.services.EventServicesImplTest" time="0.007"/>
  <testcase name="testCalculCout_SingleEvent" classname="tn.fst.eventsproject.services.EventServicesImplTest" time="0.006">
    <system-out><![CDATA[16:32:11.648 [main] INFO tn.fst.eventsproject.services.EventServicesImpl -- Conference Tech 2024
16:32:11.648 [main] INFO tn.fst.eventsproject.services.EventServicesImpl -- Cout de l'Event Conference Tech 2024 est 1000.0
]]></system-out>
  </testcase>
  <testcase name="testGetLogisticsDates_EmptyLogistics" classname="tn.fst.eventsproject.services.EventServicesImplTest" time="0.005"/>
  <testcase name="testAddAffectEvenParticipant_WithIdParticipant_ExistingEvents" classname="tn.fst.eventsproject.services.EventServicesImplTest" time="0.002"/>
  <testcase name="testAddAffectEvenParticipant_WithoutIdParticipant_MultipleParticipants" classname="tn.fst.eventsproject.services.EventServicesImplTest" time="0.03"/>
  <testcase name="testAddAffectEvenParticipant_WithIdParticipant_NewEvents" classname="tn.fst.eventsproject.services.EventServicesImplTest" time="0.015"/>
  <testcase name="testGetLogisticsDates_WithMixedReservation" classname="tn.fst.eventsproject.services.EventServicesImplTest" time="0.003"/>
  <testcase name="testCalculCout_EmptyEventsList" classname="tn.fst.eventsproject.services.EventServicesImplTest" time="0.002"/>
  <testcase name="testAddAffectLog_WithNewLogistics" classname="tn.fst.eventsproject.services.EventServicesImplTest" time="0.013"/>
  <testcase name="testGetLogisticsDates_NoEventsFound" classname="tn.fst.eventsproject.services.EventServicesImplTest" time="0.002"/>
</testsuite>